Version identifier: 20.1.0.0 | 2020-11-10 | 9bedb6d68
CPXPARAM_Output_CloneLog                         -1
CPXPARAM_Simplex_Limits_Iterations               10000000
CPXPARAM_TimeLimit                               900
Tried aggregator 1 time.
LP Presolve eliminated 35040 rows and 17520 columns.
Aggregator did 35040 substitutions.
Reduced LP has 61322 rows, 148926 columns, and 490566 nonzeros.
Presolve time = 0.34 sec. (259.76 ticks)
Initializing dual steep norms . . .

Iteration log . . .
Iteration:     1   Dual objective     =    -437053826.754699
Iteration:  1746   Dual objective     =    -372375114.896272
Iteration:  3492   Dual objective     =    -315918577.460139
Iteration:  5238   Dual objective     =    -231182893.739303
Iteration:  6984   Dual objective     =    -115884905.897493
Iteration:  8730   Dual objective     =     -10914096.390264
Iteration:  9798   Dual objective     =      -9160603.043642
Iteration: 10866   Dual objective     =      -9157599.372756
Iteration: 11952   Dual objective     =      -7870001.626431
Iteration: 13188   Dual objective     =      -5383270.501165
Iteration: 13743   Dual objective     =      -1914136.783720
Iteration: 14222   Dual objective     =       -328388.444793
Iteration: 14296   Dual objective     =    7669046656.027500
Iteration: 14883   Dual objective     =  112721175494.045853
Iteration: 15182   Dual objective     =  165798285558.234558
Iteration: 15524   Dual objective     =  218445036826.451630
Iteration: 15846   Dual objective     =  278448774574.306274
Iteration: 16172   Dual objective     =  341418479972.452942
Iteration: 16648   Dual objective     =  427961584725.636230
Iteration: 17030   Dual objective     =  501179976316.658264
Iteration: 17476   Dual objective     =  586096282669.217407
Iteration: 17677   Dual objective     =  624753301086.541992
Iteration: 17996   Dual objective     =  690371029263.119507
Iteration: 18243   Dual objective     =  737762178322.092407
Iteration: 18437   Dual objective     =  777722737513.461670
Elapsed time = 4.59 sec. (10001.08 ticks, 18635 iterations)
Iteration: 18639   Dual objective     =  818134044023.829590
Iteration: 19207   Dual objective     =  933296932914.532959
Iteration: 19269   Dual objective     =  944360964618.087646
Iteration: 19784   Dual objective     = 1052285640651.055298
Iteration: 19934   Dual objective     = 1084251508730.803955
Iteration: 20296   Dual objective     = 1148945000572.570801
Iteration: 20545   Dual objective     = 1200574041747.021484
Iteration: 20662   Dual objective     = 1224981906624.573975
Iteration: 20763   Dual objective     = 1247082564373.697754
Iteration: 21053   Dual objective     = 1302420858556.812744
Iteration: 21523   Dual objective     = 1405260416135.210693
Iteration: 21671   Dual objective     = 1434230306464.676025
Iteration: 21812   Dual objective     = 1466639584458.008301
Iteration: 22127   Dual objective     = 1535564763913.965820
Iteration: 22200   Dual objective     = 1551266381385.424561
Iteration: 22552   Dual objective     = 1628785251704.048828
Iteration: 22704   Dual objective     = 1662376818375.411377
Iteration: 23144   Dual objective     = 1763516703249.409180
Iteration: 23338   Dual objective     = 1806204081214.316650
Iteration: 23591   Dual objective     = 1860820911456.184082
Iteration: 23835   Dual objective     = 1908438690008.687256
Iteration: 24247   Dual objective     = 1998567501909.520996
Elapsed time = 8.30 sec. (20003.05 ticks, 24370 iterations)
Iteration: 24374   Dual objective     = 2027270255928.056885
Iteration: 24762   Dual objective     = 2115161114691.456055
Iteration: 24950   Dual objective     = 2159257449633.808594
Iteration: 25036   Dual objective     = 2175596309746.576416
Iteration: 25156   Dual objective     = 2196816145733.865967
Iteration: 25342   Dual objective     = 2229573820965.824707
Iteration: 25506   Dual objective     = 2255197691948.468750
Iteration: 25623   Dual objective     = 2273424304151.206055
Iteration: 25811   Dual objective     = 2301073134272.713867
Iteration: 25948   Dual objective     = 2318296557795.142578
Iteration: 26111   Dual objective     = 2338826380397.146484
Iteration: 26184   Dual objective     = 2348210928694.512207
Iteration: 26259   Dual objective     = 2356762709210.957520
Iteration: 26481   Dual objective     = 2380993887256.540039
Iteration: 26685   Dual objective     = 2400273169789.567383
Iteration: 26866   Dual objective     = 2415549269541.299316
Iteration: 26964   Dual objective     = 2423442887814.055176
Iteration: 27089   Dual objective     = 2432235298582.383789
Iteration: 27332   Dual objective     = 2447643875928.067871
Iteration: 27408   Dual objective     = 2452167152310.572754
Iteration: 27529   Dual objective     = 2458188626997.178711
Iteration: 27632   Dual objective     = 2459542447623.463379
Perturbation started.
Iteration: 27876   Dual objective     = 2464603011831.355469
Iteration: 28994   Dual objective     = 2464603011831.355469
Iteration: 29500   Dual objective     = 2467437412364.209961
Iteration: 29692   Dual objective     = 2473572730039.340332
Iteration: 29911   Dual objective     = 2480513880645.481934
Iteration: 30217   Dual objective     = 2486840483313.239746
Iteration: 30529   Dual objective     = 2491873037011.675293
Iteration: 30675   Dual objective     = 2493958315155.843750
Iteration: 32012   Dual objective     = 2495401339937.558105
Iteration: 32482   Dual objective     = 2495663238074.694824
Iteration: 32676   Dual objective     = 2497199849018.298340
Iteration: 33048   Dual objective     = 2498939429354.143555
Iteration: 33138   Dual objective     = 2499173970982.743164
Iteration: 33298   Dual objective     = 2499421919539.475586
Removing perturbation.

Optimal solution is available
Solution value = 2499502341959.582520

Simplex iterations = 33459


Version identifier: 20.1.0.0 | 2020-11-10 | 9bedb6d68
CPXPARAM_Output_CloneLog                         -1
CPXPARAM_Simplex_Limits_Iterations               10000000
CPXPARAM_TimeLimit                               900
Problem is feasible; no conflict available.
